<?xml version="1.0" encoding="UTF-8"?>
<!-- Generated by org.testng.reporters.JUnitXMLReporter -->
<testsuite hostname="deepa" ignored="0" name="Test" tests="4" failures="0" timestamp="19 Nov 2018 18:23:58 GMT" time="7.115" errors="0">
  <testcase name="f" time="4.794" classname="com.automation.tests.DeleteTest"/>
  <testcase name="f" time="0.836" classname="com.automation.tests.GetTest"/>
  <testcase name="f" time="0.783" classname="com.automation.tests.PostTest"/>
  <testcase name="f" time="0.602" classname="com.automation.tests.PutTest"/>
</testsuite> <!-- Test -->
